<?xml version="1.0" encoding="UTF-8"?>
<!-- Generated by org.testng.reporters.JUnitReportReporter -->
<testsuite hostname="lenovo" failures="0" tests="4" name="com.Amokart.registertest.RegisterTest" time="29.340" errors="0" timestamp="2024-08-08T10:39:18 IST" skipped="1">
  <testcase classname="com.Amokart.registertest.RegisterTest" name="createUser_invalidData" time="9.693">
    <system-out>
      <![CDATA[createUser_invalidData for registerTest]]>
    </system-out>
  </testcase> <!-- createUser_invalidData -->
  <testcase classname="com.Amokart.registertest.RegisterTest" name="createUser_invalidData" time="9.893">
    <system-out>
      <![CDATA[createUser_invalidData for registerTest]]>
    </system-out>
  </testcase> <!-- createUser_invalidData -->
  <testcase classname="com.Amokart.registertest.RegisterTest" name="createUser_invalidData" time="9.754">
    <system-out>
      <![CDATA[createUser_invalidData for registerTest]]>
    </system-out>
  </testcase> <!-- createUser_invalidData -->
  <testcase classname="com.Amokart.registertest.RegisterTest" name="createUser_validData">
    <skipped/>
  </testcase> <!-- createUser_validData -->
  <system-out>
    <![CDATA[get SuiteConnections done Successful
Pre Condition Successful
BrowserSetup Successful
Login Successful
createUser_invalidData for registerTest
Logout Successful
Login Successful
createUser_invalidData for registerTest
Logout Successful
Login Successful
createUser_invalidData for registerTest
Logout Successful
CloseBrowser Successful
Post condition done Successful
terminate SuiteConnections done Successful]]>
  </system-out>
</testsuite> <!-- com.Amokart.registertest.RegisterTest -->
